<?xml version="1.0" encoding="UTF-8"?>
<!-- Generated by org.testng.reporters.JUnitReportReporter -->
<testsuite hostname="ADITYA" failures="0" tests="1" name="testCase_Integration.AddToCartTest" time="38.120" errors="0" timestamp="2024-06-30T13:31:01 IST" skipped="0">
  <testcase classname="testCase_Integration.AddToCartTest" name="verifyAddTocart" time="38.120">
    <system-out>
      <![CDATA[Item added to bag, passed]]>
    </system-out>
  </testcase> <!-- verifyAddTocart -->
  <system-out>
    <![CDATA[Item added to bag, passed]]>
  </system-out>
</testsuite> <!-- testCase_Integration.AddToCartTest -->
